<?xml version="1.0" encoding="UTF-8"?>
<testng-results ignored="0" total="1" passed="1" failed="0" skipped="0">
  <reporter-output>
  </reporter-output>
  <suite started-at="2024-05-09T15:27:58 IST" name="Default suite" finished-at="2024-05-09T15:27:59 IST" duration-ms="430">
    <groups>
    </groups>
    <test started-at="2024-05-09T15:27:58 IST" name="Default test" finished-at="2024-05-09T15:27:59 IST" duration-ms="430">
      <class name="testNg.NewTest">
        <test-method signature="logoPresence()[pri:0, instance:testNg.NewTest@415b0b49]" started-at="2024-05-09T15:27:58 IST" name="logoPresence" finished-at="2024-05-09T15:27:59 IST" duration-ms="383" status="PASS">
          <reporter-output>
          </reporter-output>
        </test-method> <!-- logoPresence -->
      </class> <!-- testNg.NewTest -->
    </test> <!-- Default test -->
  </suite> <!-- Default suite -->
</testng-results>
